Error processing idl file: /home/sam/AST/build/turtlesim/rosidl_adapter/turtlesim/action/RotateAbsolute.idl
Traceback (most recent call last):
  File "/opt/ros/foxy/share/rosidl_generator_c/cmake/../../../lib/rosidl_generator_c/rosidl_generator_c", line 40, in <module>
    sys.exit(main())
  File "/opt/ros/foxy/share/rosidl_generator_c/cmake/../../../lib/rosidl_generator_c/rosidl_generator_c", line 34, in main
    return generate_c(
  File "/opt/ros/foxy/lib/python3.8/site-packages/rosidl_generator_c/__init__.py", line 37, in generate_c
    generate_files(
  File "/opt/ros/foxy/lib/python3.8/site-packages/rosidl_cmake/__init__.py", line 96, in generate_files
    raise(e)
  File "/opt/ros/foxy/lib/python3.8/site-packages/rosidl_cmake/__init__.py", line 87, in generate_files
    expand_template(
  File "/opt/ros/foxy/lib/python3.8/site-packages/rosidl_cmake/__init__.py", line 128, in expand_template
    interpreter = em.Interpreter(
AttributeError: module 'em' has no attribute 'Interpreter'
Error processing idl file: /home/sam/AST/build/turtlesim/rosidl_adapter/turtlesim/action/RotateAbsolute.idl
Traceback (most recent call last):
  File "/opt/ros/foxy/share/rosidl_generator_cpp/cmake/../../../lib/rosidl_generator_cpp/rosidl_generator_cpp", line 40, in <module>
    sys.exit(main())
  File "/opt/ros/foxy/share/rosidl_generator_cpp/cmake/../../../lib/rosidl_generator_cpp/rosidl_generator_cpp", line 34, in main
    return generate_cpp(
  File "/opt/ros/foxy/lib/python3.8/site-packages/rosidl_generator_cpp/__init__.py", line 38, in generate_cpp
    generate_files(
  File "/opt/ros/foxy/lib/python3.8/site-packages/rosidl_cmake/__init__.py", line 96, in generate_files
    raise(e)
  File "/opt/ros/foxy/lib/python3.8/site-packages/rosidl_cmake/__init__.py", line 87, in generate_files
    expand_template(
  File "/opt/ros/foxy/lib/python3.8/site-packages/rosidl_cmake/__init__.py", line 128, in expand_template
    interpreter = em.Interpreter(
AttributeError: module 'em' has no attribute 'Interpreter'
make[2]: *** [CMakeFiles/turtlesim__rosidl_generator_c.dir/build.make:89: rosidl_generator_c/turtlesim/action/rotate_absolute.h] Error 1
make[1]: *** [CMakeFiles/Makefile2:310: CMakeFiles/turtlesim__rosidl_generator_c.dir/all] Error 2
make[1]: *** Waiting for unfinished jobs....
make[2]: *** [CMakeFiles/turtlesim__cpp.dir/build.make:121: rosidl_generator_cpp/turtlesim/action/rotate_absolute.hpp] Error 1
make[1]: *** [CMakeFiles/Makefile2:646: CMakeFiles/turtlesim__cpp.dir/all] Error 2
make: *** [Makefile:141: all] Error 2
