[0.033s] Invoking command in '/home/sam/AST/build/messages_package': CMAKE_PREFIX_PATH=/opt/ros/foxy CONDA_PROMPT_MODIFIER=(base) /usr/bin/cmake --build /home/sam/AST/build/messages_package -- -j12 -l12
[0.577s] -- Found ament_cmake: 0.9.9 (/opt/ros/foxy/share/ament_cmake/cmake)
[0.578s] -- Using PYTHON_EXECUTABLE: /home/sam/anaconda3/bin/python3
[0.579s] -- Found ament_lint_auto: 0.9.6 (/opt/ros/foxy/share/ament_lint_auto/cmake)
[0.580s] -- Found rosidl_default_generators: 1.0.1 (/opt/ros/foxy/share/rosidl_default_generators/cmake)
[0.580s] -- Using all available rosidl_typesupport_c: rosidl_typesupport_fastrtps_c;rosidl_typesupport_introspection_c
[0.582s] -- Found rosidl_adapter: 1.2.1 (/opt/ros/foxy/share/rosidl_adapter/cmake)
[0.583s] -- Using all available rosidl_typesupport_cpp: rosidl_typesupport_fastrtps_cpp;rosidl_typesupport_introspection_cpp
[0.604s] -- Found PythonInterp: /home/sam/anaconda3/bin/python3 (found version "3.8.8") 
[0.674s] CMake Error at /opt/ros/foxy/share/rosidl_adapter/cmake/rosidl_adapt_interfaces.cmake:60 (message):
[0.674s]   execute_process(/home/sam/anaconda3/bin/python3 -m rosidl_adapter
[0.674s]   --package-name messages_package --arguments-file
[0.674s]   /home/sam/AST/build/messages_package/rosidl_adapter__arguments__messages_package.json
[0.674s]   --output-dir
[0.675s]   /home/sam/AST/build/messages_package/rosidl_adapter/messages_package
[0.675s]   --output-file
[0.675s]   /home/sam/AST/build/messages_package/rosidl_adapter/messages_package.idls)
[0.675s]   returned error code 1:
[0.675s] 
[0.675s]   Error processing 'float x' of 'messages_package/coordinates': ''float' is
[0.675s]   an invalid message name.  It should have the pattern '^[A-Z][A-Za-z0-9]*$''
[0.675s] 
[0.675s]   Traceback (most recent call last):
[0.675s] 
[0.675s]     File "/home/sam/anaconda3/lib/python3.8/runpy.py", line 194, in _run_module_as_main
[0.676s]       return _run_code(code, main_globals, None,
[0.676s]     File "/home/sam/anaconda3/lib/python3.8/runpy.py", line 87, in _run_code
[0.676s]       exec(code, run_globals)
[0.676s]     File "/opt/ros/foxy/lib/python3.8/site-packages/rosidl_adapter/__main__.py", line 19, in <module>
[0.676s]       sys.exit(main())
[0.676s]     File "/opt/ros/foxy/lib/python3.8/site-packages/rosidl_adapter/main.py", line 53, in main
[0.676s]       abs_idl_file = convert_to_idl(
[0.676s]     File "/opt/ros/foxy/lib/python3.8/site-packages/rosidl_adapter/__init__.py", line 19, in convert_to_idl
[0.676s]       return convert_msg_to_idl(
[0.676s]     File "/opt/ros/foxy/lib/python3.8/site-packages/rosidl_adapter/msg/__init__.py", line 28, in convert_msg_to_idl
[0.676s]       msg = parse_message_string(package_name, input_file.stem, content)
[0.677s]     File "/opt/ros/foxy/lib/python3.8/site-packages/rosidl_adapter/parser.py", line 516, in parse_message_string
[0.677s]       Type(type_string, context_package_name=pkg_name),
[0.677s]     File "/opt/ros/foxy/lib/python3.8/site-packages/rosidl_adapter/parser.py", line 276, in __init__
[0.677s]       super(Type, self).__init__(
[0.677s]     File "/opt/ros/foxy/lib/python3.8/site-packages/rosidl_adapter/parser.py", line 204, in __init__
[0.677s]       raise InvalidResourceName(
[0.677s] 
[0.677s]   rosidl_adapter.parser.InvalidResourceName: 'float' is an invalid message
[0.677s]   name.  It should have the pattern '^[A-Z][A-Za-z0-9]*$'
[0.677s] 
[0.677s] Call Stack (most recent call first):
[0.677s]   /opt/ros/foxy/share/rosidl_cmake/cmake/rosidl_generate_interfaces.cmake:130 (rosidl_adapt_interfaces)
[0.677s]   CMakeLists.txt:46 (rosidl_generate_interfaces)
[0.677s] 
[0.678s] 
[0.678s] -- Configuring incomplete, errors occurred!
[0.678s] See also "/home/sam/AST/build/messages_package/CMakeFiles/CMakeOutput.log".
[0.682s] make: *** [Makefile:266: cmake_check_build_system] Error 1
[0.684s] Invoked command in '/home/sam/AST/build/messages_package' returned '2': CMAKE_PREFIX_PATH=/opt/ros/foxy CONDA_PROMPT_MODIFIER=(base) /usr/bin/cmake --build /home/sam/AST/build/messages_package -- -j12 -l12
