[0.000000] (-) TimerEvent: {}
[0.000484] (messages_package) JobQueued: {'identifier': 'messages_package', 'dependencies': OrderedDict()}
[0.000519] (py_pubsub) JobQueued: {'identifier': 'py_pubsub', 'dependencies': OrderedDict()}
[0.000539] (warehouse_robot_package) JobQueued: {'identifier': 'warehouse_robot_package', 'dependencies': OrderedDict([('messages_package', '/home/sam/AST_Robot_Warehouse/install/messages_package')])}
[0.000757] (messages_package) JobStarted: {'identifier': 'messages_package'}
[0.011715] (py_pubsub) JobStarted: {'identifier': 'py_pubsub'}
[0.021338] (messages_package) JobProgress: {'identifier': 'messages_package', 'progress': 'cmake'}
[0.022007] (messages_package) JobProgress: {'identifier': 'messages_package', 'progress': 'build'}
[0.022572] (messages_package) Command: {'cmd': ['/usr/bin/cmake', '--build', '/home/sam/AST_Robot_Warehouse/build/messages_package', '--', '-j12', '-l12'], 'cwd': '/home/sam/AST_Robot_Warehouse/build/messages_package', 'env': OrderedDict([('GJS_DEBUG_TOPICS', 'JS ERROR;JS LOG'), ('LESSOPEN', '| /usr/bin/lesspipe %s'), ('USER', 'sam'), ('LC_TIME', 'de_DE.UTF-8'), ('SSH_AGENT_PID', '2901'), ('XDG_SESSION_TYPE', 'x11'), ('SHLVL', '1'), ('LD_LIBRARY_PATH', '/home/sam/AST_Robot_Warehouse/install/turtlesim/lib:/home/sam/AST_Robot_Warehouse/install/messages_package/lib:/opt/ros/foxy/opt/yaml_cpp_vendor/lib:/opt/ros/foxy/opt/rviz_ogre_vendor/lib:/opt/ros/foxy/lib/x86_64-linux-gnu:/opt/ros/foxy/lib'), ('HOME', '/home/sam'), ('CONDA_SHLVL', '0'), ('OLDPWD', '/home/sam'), ('DESKTOP_SESSION', 'ubuntu'), ('GIO_LAUNCHED_DESKTOP_FILE', '/usr/share/applications/terminator.desktop'), ('ROS_PYTHON_VERSION', '3'), ('GNOME_SHELL_SESSION_MODE', 'ubuntu'), ('GTK_MODULES', 'gail:atk-bridge'), ('LC_MONETARY', 'de_DE.UTF-8'), ('MANAGERPID', '2650'), ('DBUS_SESSION_BUS_ADDRESS', 'unix:path=/run/user/1000/bus'), ('COLORTERM', 'truecolor'), ('_CE_M', ''), ('TERMINATOR_DBUS_NAME', 'net.tenshu.Terminator23558193cd9818af7fe4d2c2f5bd9d00f'), ('GIO_LAUNCHED_DESKTOP_FILE_PID', '21070'), ('MANDATORY_PATH', '/usr/share/gconf/ubuntu.mandatory.path'), ('IM_CONFIG_PHASE', '1'), ('COLCON_PREFIX_PATH', '/home/sam/AST_Robot_Warehouse/install'), ('ROS_DISTRO', 'foxy'), ('LOGNAME', 'sam'), ('JOURNAL_STREAM', '8:65025'), ('_', '/usr/bin/colcon'), ('ROS_VERSION', '2'), ('XDG_SESSION_CLASS', 'user'), ('DEFAULTS_PATH', '/usr/share/gconf/ubuntu.default.path'), ('USERNAME', 'sam'), ('TERM', 'xterm-256color'), ('GNOME_DESKTOP_SESSION_ID', 'this-is-deprecated'), ('_CE_CONDA', ''), ('ROS_LOCALHOST_ONLY', '0'), ('WINDOWPATH', '2'), ('PATH', '/opt/ros/foxy/bin:/home/sam/anaconda3/condabin:/home/sam/.local/bin:/usr/local/sbin:/usr/local/bin:/usr/sbin:/usr/bin:/sbin:/bin:/usr/games:/usr/local/games:/snap/bin'), ('SESSION_MANAGER', 'local/sam-Blade-15-Mid-2019-Base:@/tmp/.ICE-unix/2943,unix/sam-Blade-15-Mid-2019-Base:/tmp/.ICE-unix/2943'), ('INVOCATION_ID', '001af9965d9a418699f32b349c051060'), ('XDG_MENU_PREFIX', 'gnome-'), ('LC_ADDRESS', 'de_DE.UTF-8'), ('XDG_RUNTIME_DIR', '/run/user/1000'), ('DISPLAY', ':1'), ('TERMINATOR_DBUS_PATH', '/net/tenshu/Terminator2'), ('LANG', 'en_US.UTF-8'), ('XDG_CURRENT_DESKTOP', 'ubuntu:GNOME'), ('LC_TELEPHONE', 'de_DE.UTF-8'), ('XMODIFIERS', '@im=ibus'), ('XDG_SESSION_DESKTOP', 'ubuntu'), ('XAUTHORITY', '/run/user/1000/gdm/Xauthority'), ('LS_COLORS', 'rs=0:di=01;34:ln=01;36:mh=00:pi=40;33:so=01;35:do=01;35:bd=40;33;01:cd=40;33;01:or=40;31;01:mi=00:su=37;41:sg=30;43:ca=30;41:tw=30;42:ow=34;42:st=37;44:ex=01;32:*.tar=01;31:*.tgz=01;31:*.arc=01;31:*.arj=01;31:*.taz=01;31:*.lha=01;31:*.lz4=01;31:*.lzh=01;31:*.lzma=01;31:*.tlz=01;31:*.txz=01;31:*.tzo=01;31:*.t7z=01;31:*.zip=01;31:*.z=01;31:*.dz=01;31:*.gz=01;31:*.lrz=01;31:*.lz=01;31:*.lzo=01;31:*.xz=01;31:*.zst=01;31:*.tzst=01;31:*.bz2=01;31:*.bz=01;31:*.tbz=01;31:*.tbz2=01;31:*.tz=01;31:*.deb=01;31:*.rpm=01;31:*.jar=01;31:*.war=01;31:*.ear=01;31:*.sar=01;31:*.rar=01;31:*.alz=01;31:*.ace=01;31:*.zoo=01;31:*.cpio=01;31:*.7z=01;31:*.rz=01;31:*.cab=01;31:*.wim=01;31:*.swm=01;31:*.dwm=01;31:*.esd=01;31:*.jpg=01;35:*.jpeg=01;35:*.mjpg=01;35:*.mjpeg=01;35:*.gif=01;35:*.bmp=01;35:*.pbm=01;35:*.pgm=01;35:*.ppm=01;35:*.tga=01;35:*.xbm=01;35:*.xpm=01;35:*.tif=01;35:*.tiff=01;35:*.png=01;35:*.svg=01;35:*.svgz=01;35:*.mng=01;35:*.pcx=01;35:*.mov=01;35:*.mpg=01;35:*.mpeg=01;35:*.m2v=01;35:*.mkv=01;35:*.webm=01;35:*.ogm=01;35:*.mp4=01;35:*.m4v=01;35:*.mp4v=01;35:*.vob=01;35:*.qt=01;35:*.nuv=01;35:*.wmv=01;35:*.asf=01;35:*.rm=01;35:*.rmvb=01;35:*.flc=01;35:*.avi=01;35:*.fli=01;35:*.flv=01;35:*.gl=01;35:*.dl=01;35:*.xcf=01;35:*.xwd=01;35:*.yuv=01;35:*.cgm=01;35:*.emf=01;35:*.ogv=01;35:*.ogx=01;35:*.aac=00;36:*.au=00;36:*.flac=00;36:*.m4a=00;36:*.mid=00;36:*.midi=00;36:*.mka=00;36:*.mp3=00;36:*.mpc=00;36:*.ogg=00;36:*.ra=00;36:*.wav=00;36:*.oga=00;36:*.opus=00;36:*.spx=00;36:*.xspf=00;36:'), ('SSH_AUTH_SOCK', '/run/user/1000/keyring/ssh'), ('AMENT_PREFIX_PATH', '/home/sam/AST_Robot_Warehouse/install/warehouse_robot_package:/home/sam/AST_Robot_Warehouse/install/turtlesim:/home/sam/AST_Robot_Warehouse/install/py_pubsub:/home/sam/AST_Robot_Warehouse/install/my_package:/home/sam/AST_Robot_Warehouse/install/messages_package:/opt/ros/foxy'), ('CONDA_PYTHON_EXE', '/home/sam/anaconda3/bin/python'), ('SHELL', '/bin/bash'), ('LC_NAME', 'de_DE.UTF-8'), ('TERMINATOR_UUID', 'urn:uuid:cdf089c2-29ab-49b0-8365-aeb376c26f72'), ('QT_ACCESSIBILITY', '1'), ('GDMSESSION', 'ubuntu'), ('LESSCLOSE', '/usr/bin/lesspipe %s %s'), ('LC_MEASUREMENT', 'de_DE.UTF-8'), ('GPG_AGENT_INFO', '/run/user/1000/gnupg/S.gpg-agent:0:1'), ('GJS_DEBUG_OUTPUT', 'stderr'), ('LC_IDENTIFICATION', 'de_DE.UTF-8'), ('QT_IM_MODULE', 'ibus'), ('PWD', '/home/sam/AST_Robot_Warehouse/build/messages_package'), ('LC_ALL', 'en_US.UTF-8'), ('XDG_CONFIG_DIRS', '/etc/xdg/xdg-ubuntu:/etc/xdg'), ('CONDA_EXE', '/home/sam/anaconda3/bin/conda'), ('XDG_DATA_DIRS', '/usr/share/ubuntu:/usr/local/share/:/usr/share/:/var/lib/snapd/desktop'), ('PYTHONPATH', '/home/sam/AST_Robot_Warehouse/install/warehouse_robot_package/lib/python3.8/site-packages:/home/sam/AST_Robot_Warehouse/install/turtlesim/lib/python3.8/site-packages:/home/sam/AST_Robot_Warehouse/install/py_pubsub/lib/python3.8/site-packages:/home/sam/AST_Robot_Warehouse/install/messages_package/lib/python3.8/site-packages:/opt/ros/foxy/lib/python3.8/site-packages'), ('LC_NUMERIC', 'de_DE.UTF-8'), ('LC_PAPER', 'de_DE.UTF-8'), ('COLCON', '1'), ('VTE_VERSION', '6003'), ('CMAKE_PREFIX_PATH', '/home/sam/AST_Robot_Warehouse/install/turtlesim:/home/sam/AST_Robot_Warehouse/install/my_package:/home/sam/AST_Robot_Warehouse/install/messages_package:/home/sam/AST_Robot_Warehouse/install/warehouse_robot_package:/home/sam/AST_Robot_Warehouse/install/py_pubsub:/opt/ros/foxy')]), 'shell': False}
[0.100072] (-) TimerEvent: {}
[0.200404] (-) TimerEvent: {}
[0.270714] (messages_package) StdoutLine: {'line': b'-- Found ament_cmake: 0.9.9 (/opt/ros/foxy/share/ament_cmake/cmake)\n'}
[0.271017] (messages_package) StdoutLine: {'line': b'-- Found PythonInterp: /usr/bin/python3 (found suitable version "3.8.10", minimum required is "3") \n'}
[0.271528] (messages_package) StdoutLine: {'line': b'-- Using PYTHON_EXECUTABLE: /usr/bin/python3\n'}
[0.272766] (py_pubsub) Command: {'cmd': ['/usr/bin/python3', 'setup.py', 'egg_info', '--egg-base', '../../build/py_pubsub', 'build', '--build-base', '/home/sam/AST_Robot_Warehouse/build/py_pubsub/build', 'install', '--prefix', '/home/sam/AST_Robot_Warehouse/install/py_pubsub', '--record', '/home/sam/AST_Robot_Warehouse/build/py_pubsub/install.log', '--single-version-externally-managed'], 'cwd': '/home/sam/AST_Robot_Warehouse/src/py_pubsub', 'env': {'GJS_DEBUG_TOPICS': 'JS ERROR;JS LOG', 'LESSOPEN': '| /usr/bin/lesspipe %s', 'USER': 'sam', 'LC_TIME': 'de_DE.UTF-8', 'SSH_AGENT_PID': '2901', 'XDG_SESSION_TYPE': 'x11', 'SHLVL': '1', 'LD_LIBRARY_PATH': '/home/sam/AST_Robot_Warehouse/install/turtlesim/lib:/home/sam/AST_Robot_Warehouse/install/messages_package/lib:/opt/ros/foxy/opt/yaml_cpp_vendor/lib:/opt/ros/foxy/opt/rviz_ogre_vendor/lib:/opt/ros/foxy/lib/x86_64-linux-gnu:/opt/ros/foxy/lib', 'HOME': '/home/sam', 'CONDA_SHLVL': '0', 'OLDPWD': '/home/sam', 'DESKTOP_SESSION': 'ubuntu', 'GIO_LAUNCHED_DESKTOP_FILE': '/usr/share/applications/terminator.desktop', 'ROS_PYTHON_VERSION': '3', 'GNOME_SHELL_SESSION_MODE': 'ubuntu', 'GTK_MODULES': 'gail:atk-bridge', 'LC_MONETARY': 'de_DE.UTF-8', 'MANAGERPID': '2650', 'DBUS_SESSION_BUS_ADDRESS': 'unix:path=/run/user/1000/bus', 'COLORTERM': 'truecolor', '_CE_M': '', 'TERMINATOR_DBUS_NAME': 'net.tenshu.Terminator23558193cd9818af7fe4d2c2f5bd9d00f', 'GIO_LAUNCHED_DESKTOP_FILE_PID': '21070', 'MANDATORY_PATH': '/usr/share/gconf/ubuntu.mandatory.path', 'IM_CONFIG_PHASE': '1', 'COLCON_PREFIX_PATH': '/home/sam/AST_Robot_Warehouse/install', 'ROS_DISTRO': 'foxy', 'LOGNAME': 'sam', 'JOURNAL_STREAM': '8:65025', '_': '/usr/bin/colcon', 'ROS_VERSION': '2', 'XDG_SESSION_CLASS': 'user', 'DEFAULTS_PATH': '/usr/share/gconf/ubuntu.default.path', 'USERNAME': 'sam', 'TERM': 'xterm-256color', 'GNOME_DESKTOP_SESSION_ID': 'this-is-deprecated', '_CE_CONDA': '', 'ROS_LOCALHOST_ONLY': '0', 'WINDOWPATH': '2', 'PATH': '/opt/ros/foxy/bin:/home/sam/anaconda3/condabin:/home/sam/.local/bin:/usr/local/sbin:/usr/local/bin:/usr/sbin:/usr/bin:/sbin:/bin:/usr/games:/usr/local/games:/snap/bin', 'SESSION_MANAGER': 'local/sam-Blade-15-Mid-2019-Base:@/tmp/.ICE-unix/2943,unix/sam-Blade-15-Mid-2019-Base:/tmp/.ICE-unix/2943', 'INVOCATION_ID': '001af9965d9a418699f32b349c051060', 'XDG_MENU_PREFIX': 'gnome-', 'LC_ADDRESS': 'de_DE.UTF-8', 'XDG_RUNTIME_DIR': '/run/user/1000', 'DISPLAY': ':1', 'TERMINATOR_DBUS_PATH': '/net/tenshu/Terminator2', 'LANG': 'en_US.UTF-8', 'XDG_CURRENT_DESKTOP': 'ubuntu:GNOME', 'LC_TELEPHONE': 'de_DE.UTF-8', 'XMODIFIERS': '@im=ibus', 'XDG_SESSION_DESKTOP': 'ubuntu', 'XAUTHORITY': '/run/user/1000/gdm/Xauthority', 'LS_COLORS': 'rs=0:di=01;34:ln=01;36:mh=00:pi=40;33:so=01;35:do=01;35:bd=40;33;01:cd=40;33;01:or=40;31;01:mi=00:su=37;41:sg=30;43:ca=30;41:tw=30;42:ow=34;42:st=37;44:ex=01;32:*.tar=01;31:*.tgz=01;31:*.arc=01;31:*.arj=01;31:*.taz=01;31:*.lha=01;31:*.lz4=01;31:*.lzh=01;31:*.lzma=01;31:*.tlz=01;31:*.txz=01;31:*.tzo=01;31:*.t7z=01;31:*.zip=01;31:*.z=01;31:*.dz=01;31:*.gz=01;31:*.lrz=01;31:*.lz=01;31:*.lzo=01;31:*.xz=01;31:*.zst=01;31:*.tzst=01;31:*.bz2=01;31:*.bz=01;31:*.tbz=01;31:*.tbz2=01;31:*.tz=01;31:*.deb=01;31:*.rpm=01;31:*.jar=01;31:*.war=01;31:*.ear=01;31:*.sar=01;31:*.rar=01;31:*.alz=01;31:*.ace=01;31:*.zoo=01;31:*.cpio=01;31:*.7z=01;31:*.rz=01;31:*.cab=01;31:*.wim=01;31:*.swm=01;31:*.dwm=01;31:*.esd=01;31:*.jpg=01;35:*.jpeg=01;35:*.mjpg=01;35:*.mjpeg=01;35:*.gif=01;35:*.bmp=01;35:*.pbm=01;35:*.pgm=01;35:*.ppm=01;35:*.tga=01;35:*.xbm=01;35:*.xpm=01;35:*.tif=01;35:*.tiff=01;35:*.png=01;35:*.svg=01;35:*.svgz=01;35:*.mng=01;35:*.pcx=01;35:*.mov=01;35:*.mpg=01;35:*.mpeg=01;35:*.m2v=01;35:*.mkv=01;35:*.webm=01;35:*.ogm=01;35:*.mp4=01;35:*.m4v=01;35:*.mp4v=01;35:*.vob=01;35:*.qt=01;35:*.nuv=01;35:*.wmv=01;35:*.asf=01;35:*.rm=01;35:*.rmvb=01;35:*.flc=01;35:*.avi=01;35:*.fli=01;35:*.flv=01;35:*.gl=01;35:*.dl=01;35:*.xcf=01;35:*.xwd=01;35:*.yuv=01;35:*.cgm=01;35:*.emf=01;35:*.ogv=01;35:*.ogx=01;35:*.aac=00;36:*.au=00;36:*.flac=00;36:*.m4a=00;36:*.mid=00;36:*.midi=00;36:*.mka=00;36:*.mp3=00;36:*.mpc=00;36:*.ogg=00;36:*.ra=00;36:*.wav=00;36:*.oga=00;36:*.opus=00;36:*.spx=00;36:*.xspf=00;36:', 'SSH_AUTH_SOCK': '/run/user/1000/keyring/ssh', 'AMENT_PREFIX_PATH': '/home/sam/AST_Robot_Warehouse/install/warehouse_robot_package:/home/sam/AST_Robot_Warehouse/install/turtlesim:/home/sam/AST_Robot_Warehouse/install/py_pubsub:/home/sam/AST_Robot_Warehouse/install/my_package:/home/sam/AST_Robot_Warehouse/install/messages_package:/opt/ros/foxy', 'CONDA_PYTHON_EXE': '/home/sam/anaconda3/bin/python', 'SHELL': '/bin/bash', 'LC_NAME': 'de_DE.UTF-8', 'TERMINATOR_UUID': 'urn:uuid:cdf089c2-29ab-49b0-8365-aeb376c26f72', 'QT_ACCESSIBILITY': '1', 'GDMSESSION': 'ubuntu', 'LESSCLOSE': '/usr/bin/lesspipe %s %s', 'LC_MEASUREMENT': 'de_DE.UTF-8', 'GPG_AGENT_INFO': '/run/user/1000/gnupg/S.gpg-agent:0:1', 'GJS_DEBUG_OUTPUT': 'stderr', 'LC_IDENTIFICATION': 'de_DE.UTF-8', 'QT_IM_MODULE': 'ibus', 'PWD': '/home/sam/AST_Robot_Warehouse/build/py_pubsub', 'LC_ALL': 'en_US.UTF-8', 'XDG_CONFIG_DIRS': '/etc/xdg/xdg-ubuntu:/etc/xdg', 'CONDA_EXE': '/home/sam/anaconda3/bin/conda', 'XDG_DATA_DIRS': '/usr/share/ubuntu:/usr/local/share/:/usr/share/:/var/lib/snapd/desktop', 'PYTHONPATH': '/home/sam/AST_Robot_Warehouse/install/py_pubsub/lib/python3.8/site-packages:/home/sam/AST_Robot_Warehouse/install/warehouse_robot_package/lib/python3.8/site-packages:/home/sam/AST_Robot_Warehouse/install/turtlesim/lib/python3.8/site-packages:/home/sam/AST_Robot_Warehouse/install/py_pubsub/lib/python3.8/site-packages:/home/sam/AST_Robot_Warehouse/install/messages_package/lib/python3.8/site-packages:/opt/ros/foxy/lib/python3.8/site-packages', 'LC_NUMERIC': 'de_DE.UTF-8', 'LC_PAPER': 'de_DE.UTF-8', 'COLCON': '1', 'VTE_VERSION': '6003', 'CMAKE_PREFIX_PATH': '/home/sam/AST_Robot_Warehouse/install/turtlesim:/home/sam/AST_Robot_Warehouse/install/my_package:/home/sam/AST_Robot_Warehouse/install/messages_package'}, 'shell': False}
[0.275932] (messages_package) StdoutLine: {'line': b'-- Found ament_lint_auto: 0.9.6 (/opt/ros/foxy/share/ament_lint_auto/cmake)\n'}
[0.300499] (-) TimerEvent: {}
[0.329022] (messages_package) StdoutLine: {'line': b'-- Found rosidl_default_generators: 1.0.1 (/opt/ros/foxy/share/rosidl_default_generators/cmake)\n'}
[0.331517] (messages_package) StdoutLine: {'line': b'-- Using all available rosidl_typesupport_c: rosidl_typesupport_fastrtps_c;rosidl_typesupport_introspection_c\n'}
[0.334827] (messages_package) StdoutLine: {'line': b'-- Found rosidl_adapter: 1.2.1 (/opt/ros/foxy/share/rosidl_adapter/cmake)\n'}
[0.400696] (-) TimerEvent: {}
[0.472789] (messages_package) StdoutLine: {'line': b'-- Using all available rosidl_typesupport_cpp: rosidl_typesupport_fastrtps_cpp;rosidl_typesupport_introspection_cpp\n'}
[0.500777] (-) TimerEvent: {}
[0.503181] (py_pubsub) StdoutLine: {'line': b'running egg_info\n'}
[0.503749] (py_pubsub) StdoutLine: {'line': b'writing ../../build/py_pubsub/py_pubsub.egg-info/PKG-INFO\n'}
[0.503916] (py_pubsub) StdoutLine: {'line': b'writing dependency_links to ../../build/py_pubsub/py_pubsub.egg-info/dependency_links.txt\n'}
[0.504346] (py_pubsub) StdoutLine: {'line': b'writing entry points to ../../build/py_pubsub/py_pubsub.egg-info/entry_points.txt\n'}
[0.504479] (py_pubsub) StdoutLine: {'line': b'writing requirements to ../../build/py_pubsub/py_pubsub.egg-info/requires.txt\n'}
[0.504598] (py_pubsub) StdoutLine: {'line': b'writing top-level names to ../../build/py_pubsub/py_pubsub.egg-info/top_level.txt\n'}
[0.518114] (messages_package) StdoutLine: {'line': b'-- Found PythonInterp: /usr/bin/python3 (found version "3.8.10") \n'}
[0.536531] (py_pubsub) StdoutLine: {'line': b"reading manifest file '../../build/py_pubsub/py_pubsub.egg-info/SOURCES.txt'\n"}
[0.537153] (py_pubsub) StdoutLine: {'line': b"writing manifest file '../../build/py_pubsub/py_pubsub.egg-info/SOURCES.txt'\n"}
[0.537401] (py_pubsub) StdoutLine: {'line': b'running build\n'}
[0.537561] (py_pubsub) StdoutLine: {'line': b'running build_py\n'}
[0.537687] (py_pubsub) StdoutLine: {'line': b'running install\n'}
[0.538411] (py_pubsub) StdoutLine: {'line': b'running install_lib\n'}
[0.539665] (py_pubsub) StdoutLine: {'line': b'running install_data\n'}
[0.540045] (py_pubsub) StdoutLine: {'line': b'running install_egg_info\n'}
[0.541487] (py_pubsub) StdoutLine: {'line': b"removing '/home/sam/AST_Robot_Warehouse/install/py_pubsub/lib/python3.8/site-packages/py_pubsub-0.0.0-py3.8.egg-info' (and everything under it)\n"}
[0.541665] (py_pubsub) StdoutLine: {'line': b'Copying ../../build/py_pubsub/py_pubsub.egg-info to /home/sam/AST_Robot_Warehouse/install/py_pubsub/lib/python3.8/site-packages/py_pubsub-0.0.0-py3.8.egg-info\n'}
[0.542344] (py_pubsub) StdoutLine: {'line': b'running install_scripts\n'}
[0.557788] (py_pubsub) StdoutLine: {'line': b'Installing listener script to /home/sam/AST_Robot_Warehouse/install/py_pubsub/lib/py_pubsub\n'}
[0.558012] (py_pubsub) StdoutLine: {'line': b'Installing talker script to /home/sam/AST_Robot_Warehouse/install/py_pubsub/lib/py_pubsub\n'}
[0.558176] (py_pubsub) StdoutLine: {'line': b"writing list of installed files to '/home/sam/AST_Robot_Warehouse/build/py_pubsub/install.log'\n"}
[0.575337] (py_pubsub) CommandEnded: {'returncode': 0}
[0.585283] (py_pubsub) JobEnded: {'identifier': 'py_pubsub', 'rc': 0}
[0.600861] (-) TimerEvent: {}
[0.701104] (-) TimerEvent: {}
[0.706377] (messages_package) StderrLine: {'line': b'CMake Error at /opt/ros/foxy/share/rosidl_adapter/cmake/rosidl_adapt_interfaces.cmake:60 (message):\n'}
[0.706547] (messages_package) StderrLine: {'line': b'  execute_process(/usr/bin/python3 -m rosidl_adapter --package-name\n'}
[0.706612] (messages_package) StderrLine: {'line': b'  messages_package --arguments-file\n'}
[0.706669] (messages_package) StderrLine: {'line': b'  /home/sam/AST_Robot_Warehouse/build/messages_package/rosidl_adapter__arguments__messages_package.json\n'}
[0.706724] (messages_package) StderrLine: {'line': b'  --output-dir\n'}
[0.706777] (messages_package) StderrLine: {'line': b'  /home/sam/AST_Robot_Warehouse/build/messages_package/rosidl_adapter/messages_package\n'}
[0.706830] (messages_package) StderrLine: {'line': b'  --output-file\n'}
[0.706882] (messages_package) StderrLine: {'line': b'  /home/sam/AST_Robot_Warehouse/build/messages_package/rosidl_adapter/messages_package.idls)\n'}
[0.706935] (messages_package) StderrLine: {'line': b'  returned error code 1:\n'}
[0.706988] (messages_package) StderrLine: {'line': b'\n'}
[0.707041] (messages_package) StderrLine: {'line': b"  Error processing 'string[[]] map_array' of 'messages_package/Map': 'the\n"}
[0.707093] (messages_package) StderrLine: {'line': b"  size of array type '<=' must be a valid integer value > 0 optionally\n"}
[0.707146] (messages_package) StderrLine: {'line': b"  prefixed with 'string[[]]' if it is only an upper bound'\n"}
[0.707239] (messages_package) StderrLine: {'line': b'\n'}
[0.707310] (messages_package) StderrLine: {'line': b'  Traceback (most recent call last):\n'}
[0.707362] (messages_package) StderrLine: {'line': b'\n'}
[0.707414] (messages_package) StderrLine: {'line': b'    File "/opt/ros/foxy/lib/python3.8/site-packages/rosidl_adapter/parser.py", line 267, in __init__\n'}
[0.707466] (messages_package) StderrLine: {'line': b'      self.array_size = int(array_size_string)\n'}
[0.707518] (messages_package) StderrLine: {'line': b'\n'}
[0.707569] (messages_package) StderrLine: {'line': b"  ValueError: invalid literal for int() with base 10: ']'\n"}
[0.707621] (messages_package) StderrLine: {'line': b'\n'}
[0.707671] (messages_package) StderrLine: {'line': b'  \n'}
[0.707722] (messages_package) StderrLine: {'line': b'\n'}
[0.707774] (messages_package) StderrLine: {'line': b'  During handling of the above exception, another exception occurred:\n'}
[0.707831] (messages_package) StderrLine: {'line': b'\n'}
[0.707886] (messages_package) StderrLine: {'line': b'  \n'}
[0.707941] (messages_package) StderrLine: {'line': b'\n'}
[0.708000] (messages_package) StderrLine: {'line': b'  Traceback (most recent call last):\n'}
[0.708172] (messages_package) StderrLine: {'line': b'\n'}
[0.708246] (messages_package) StderrLine: {'line': b'    File "/usr/lib/python3.8/runpy.py", line 194, in _run_module_as_main\n'}
[0.708305] (messages_package) StderrLine: {'line': b'      return _run_code(code, main_globals, None,\n'}
[0.708360] (messages_package) StderrLine: {'line': b'    File "/usr/lib/python3.8/runpy.py", line 87, in _run_code\n'}
[0.708414] (messages_package) StderrLine: {'line': b'      exec(code, run_globals)\n'}
[0.708468] (messages_package) StderrLine: {'line': b'    File "/opt/ros/foxy/lib/python3.8/site-packages/rosidl_adapter/__main__.py", line 19, in <module>\n'}
[0.708521] (messages_package) StderrLine: {'line': b'      sys.exit(main())\n'}
[0.708573] (messages_package) StderrLine: {'line': b'    File "/opt/ros/foxy/lib/python3.8/site-packages/rosidl_adapter/main.py", line 53, in main\n'}
[0.708626] (messages_package) StderrLine: {'line': b'      abs_idl_file = convert_to_idl(\n'}
[0.708678] (messages_package) StderrLine: {'line': b'    File "/opt/ros/foxy/lib/python3.8/site-packages/rosidl_adapter/__init__.py", line 19, in convert_to_idl\n'}
[0.708730] (messages_package) StderrLine: {'line': b'      return convert_msg_to_idl(\n'}
[0.708806] (messages_package) StderrLine: {'line': b'    File "/opt/ros/foxy/lib/python3.8/site-packages/rosidl_adapter/msg/__init__.py", line 28, in convert_msg_to_idl\n'}
[0.708881] (messages_package) StderrLine: {'line': b'      msg = parse_message_string(package_name, input_file.stem, content)\n'}
[0.708940] (messages_package) StderrLine: {'line': b'    File "/opt/ros/foxy/lib/python3.8/site-packages/rosidl_adapter/parser.py", line 516, in parse_message_string\n'}
[0.708994] (messages_package) StderrLine: {'line': b'      Type(type_string, context_package_name=pkg_name),\n'}
[0.709079] (messages_package) StderrLine: {'line': b'    File "/opt/ros/foxy/lib/python3.8/site-packages/rosidl_adapter/parser.py", line 269, in __init__\n'}
[0.709136] (messages_package) StderrLine: {'line': b'      raise ex\n'}
[0.709208] (messages_package) StderrLine: {'line': b'\n'}
[0.709261] (messages_package) StderrLine: {'line': b"  TypeError: the size of array type '<=' must be a valid integer value > 0\n"}
[0.709316] (messages_package) StderrLine: {'line': b"  optionally prefixed with 'string[[]]' if it is only an upper bound\n"}
[0.709393] (messages_package) StderrLine: {'line': b'\n'}
[0.709451] (messages_package) StderrLine: {'line': b'Call Stack (most recent call first):\n'}
[0.709541] (messages_package) StderrLine: {'line': b'  /opt/ros/foxy/share/rosidl_cmake/cmake/rosidl_generate_interfaces.cmake:130 (rosidl_adapt_interfaces)\n'}
[0.709641] (messages_package) StderrLine: {'line': b'  CMakeLists.txt:46 (rosidl_generate_interfaces)\n'}
[0.709745] (messages_package) StderrLine: {'line': b'\n'}
[0.709866] (messages_package) StderrLine: {'line': b'\n'}
[0.709946] (messages_package) StdoutLine: {'line': b'-- Configuring incomplete, errors occurred!\n'}
[0.710008] (messages_package) StdoutLine: {'line': b'See also "/home/sam/AST_Robot_Warehouse/build/messages_package/CMakeFiles/CMakeOutput.log".\n'}
[0.714012] (messages_package) StderrLine: {'line': b'make: *** [Makefile:3192: cmake_check_build_system] Error 1\n'}
[0.715716] (messages_package) CommandEnded: {'returncode': 2}
[0.801213] (-) TimerEvent: {}
[0.893739] (messages_package) JobEnded: {'identifier': 'messages_package', 'rc': 2}
[0.901303] (-) TimerEvent: {}
[0.904462] (warehouse_robot_package) JobSkipped: {'identifier': 'warehouse_robot_package'}
[0.904504] (-) EventReactorShutdown: {}
