[0.032s] Invoking command in '/home/sam/AST/build/messages_package': CMAKE_PREFIX_PATH=/opt/ros/foxy CONDA_PROMPT_MODIFIER=(base) /usr/bin/cmake --build /home/sam/AST/build/messages_package -- -j12 -l12
[0.290s] -- Found ament_cmake: 0.9.9 (/opt/ros/foxy/share/ament_cmake/cmake)
[0.292s] -- Found PythonInterp: /home/sam/anaconda3/bin/python3 (found suitable version "3.8.8", minimum required is "3") 
[0.292s] -- Using PYTHON_EXECUTABLE: /home/sam/anaconda3/bin/python3
[0.298s] -- Found ament_lint_auto: 0.9.6 (/opt/ros/foxy/share/ament_lint_auto/cmake)
[0.372s] -- Found rosidl_default_generators: 1.0.1 (/opt/ros/foxy/share/rosidl_default_generators/cmake)
[0.374s] -- Using all available rosidl_typesupport_c: rosidl_typesupport_fastrtps_c;rosidl_typesupport_introspection_c
[0.377s] -- Found rosidl_adapter: 1.2.1 (/opt/ros/foxy/share/rosidl_adapter/cmake)
[0.527s] -- Using all available rosidl_typesupport_cpp: rosidl_typesupport_fastrtps_cpp;rosidl_typesupport_introspection_cpp
[0.575s] -- Found PythonInterp: /home/sam/anaconda3/bin/python3 (found version "3.8.8") 
[0.660s] CMake Error at /opt/ros/foxy/share/rosidl_adapter/cmake/rosidl_adapt_interfaces.cmake:60 (message):
[0.660s]   execute_process(/home/sam/anaconda3/bin/python3 -m rosidl_adapter
[0.660s]   --package-name messages_package --arguments-file
[0.660s]   /home/sam/AST/build/messages_package/rosidl_adapter__arguments__messages_package.json
[0.660s]   --output-dir
[0.661s]   /home/sam/AST/build/messages_package/rosidl_adapter/messages_package
[0.661s]   --output-file
[0.661s]   /home/sam/AST/build/messages_package/rosidl_adapter/messages_package.idls)
[0.661s]   returned error code 1:
[0.661s] 
[0.661s]   Error processing 'boolean success_or_failure' of
[0.661s]   'messages_package/Delivery_Response': ''boolean' is an invalid message
[0.661s]   name.  It should have the pattern '^[A-Z][A-Za-z0-9]*$''
[0.661s] 
[0.661s]   Traceback (most recent call last):
[0.661s] 
[0.661s]     File "/home/sam/anaconda3/lib/python3.8/runpy.py", line 194, in _run_module_as_main
[0.661s]       return _run_code(code, main_globals, None,
[0.661s]     File "/home/sam/anaconda3/lib/python3.8/runpy.py", line 87, in _run_code
[0.662s]       exec(code, run_globals)
[0.662s]     File "/opt/ros/foxy/lib/python3.8/site-packages/rosidl_adapter/__main__.py", line 19, in <module>
[0.662s]       sys.exit(main())
[0.662s]     File "/opt/ros/foxy/lib/python3.8/site-packages/rosidl_adapter/main.py", line 53, in main
[0.662s]       abs_idl_file = convert_to_idl(
[0.662s]     File "/opt/ros/foxy/lib/python3.8/site-packages/rosidl_adapter/__init__.py", line 24, in convert_to_idl
[0.662s]       return convert_srv_to_idl(
[0.662s]     File "/opt/ros/foxy/lib/python3.8/site-packages/rosidl_adapter/srv/__init__.py", line 28, in convert_srv_to_idl
[0.663s]       srv = parse_service_string(package_name, input_file.stem, content)
[0.663s]     File "/opt/ros/foxy/lib/python3.8/site-packages/rosidl_adapter/parser.py", line 856, in parse_service_string
[0.663s]       response_message = parse_message_string(
[0.663s]     File "/opt/ros/foxy/lib/python3.8/site-packages/rosidl_adapter/parser.py", line 516, in parse_message_string
[0.663s]       Type(type_string, context_package_name=pkg_name),
[0.663s]     File "/opt/ros/foxy/lib/python3.8/site-packages/rosidl_adapter/parser.py", line 276, in __init__
[0.663s]       super(Type, self).__init__(
[0.663s]     File "/opt/ros/foxy/lib/python3.8/site-packages/rosidl_adapter/parser.py", line 204, in __init__
[0.663s]       raise InvalidResourceName(
[0.663s] 
[0.663s]   rosidl_adapter.parser.InvalidResourceName: 'boolean' is an invalid message
[0.664s]   name.  It should have the pattern '^[A-Z][A-Za-z0-9]*$'
[0.664s] 
[0.664s] Call Stack (most recent call first):
[0.664s]   /opt/ros/foxy/share/rosidl_cmake/cmake/rosidl_generate_interfaces.cmake:130 (rosidl_adapt_interfaces)
[0.664s]   CMakeLists.txt:46 (rosidl_generate_interfaces)
[0.664s] 
[0.664s] 
[0.665s] -- Configuring incomplete, errors occurred!
[0.665s] See also "/home/sam/AST/build/messages_package/CMakeFiles/CMakeOutput.log".
[0.669s] make: *** [Makefile:266: cmake_check_build_system] Error 1
[0.671s] Invoked command in '/home/sam/AST/build/messages_package' returned '2': CMAKE_PREFIX_PATH=/opt/ros/foxy CONDA_PROMPT_MODIFIER=(base) /usr/bin/cmake --build /home/sam/AST/build/messages_package -- -j12 -l12
