[0.012s] Invoking command in '/home/sam/AST/build/turtlesim': CMAKE_PREFIX_PATH=/opt/ros/foxy CONDA_PROMPT_MODIFIER=(base) /usr/bin/cmake --build /home/sam/AST/build/turtlesim -- -j12 -l12
[0.046s] [  1%] [34m[1mGenerating C code for ROS interfaces[0m
[0.055s] [  2%] [34m[1mGenerating C++ code for ROS interfaces[0m
[0.083s] Traceback (most recent call last):
[0.083s]   File "/opt/ros/foxy/share/rosidl_generator_c/cmake/../../../lib/rosidl_generator_c/rosidl_generator_c", line 8, in <module>
[0.083s]     from rosidl_generator_c import generate_c
[0.083s]   File "/opt/ros/foxy/lib/python3.8/site-packages/rosidl_generator_c/__init__.py", line 15, in <module>
[0.083s]     from rosidl_cmake import convert_camel_case_to_lower_case_underscore
[0.083s]   File "/opt/ros/foxy/lib/python3.8/site-packages/rosidl_cmake/__init__.py", line 24, in <module>
[0.083s]     from rosidl_parser.parser import parse_idl_file
[0.083s]   File "/opt/ros/foxy/lib/python3.8/site-packages/rosidl_parser/parser.py", line 20, in <module>
[0.083s]     from lark import Lark
[0.083s] ModuleNotFoundError: No module named 'lark'
[0.087s] make[2]: *** [CMakeFiles/turtlesim__rosidl_generator_c.dir/build.make:89: rosidl_generator_c/turtlesim/action/rotate_absolute.h] Error 1
[0.087s] make[1]: *** [CMakeFiles/Makefile2:310: CMakeFiles/turtlesim__rosidl_generator_c.dir/all] Error 2
[0.087s] make[1]: *** Waiting for unfinished jobs....
[0.092s] Traceback (most recent call last):
[0.092s]   File "/opt/ros/foxy/share/rosidl_generator_cpp/cmake/../../../lib/rosidl_generator_cpp/rosidl_generator_cpp", line 8, in <module>
[0.092s]     from rosidl_generator_cpp import generate_cpp
[0.093s]   File "/opt/ros/foxy/lib/python3.8/site-packages/rosidl_generator_cpp/__init__.py", line 17, in <module>
[0.093s]     from rosidl_cmake import generate_files
[0.093s]   File "/opt/ros/foxy/lib/python3.8/site-packages/rosidl_cmake/__init__.py", line 24, in <module>
[0.093s]     from rosidl_parser.parser import parse_idl_file
[0.093s]   File "/opt/ros/foxy/lib/python3.8/site-packages/rosidl_parser/parser.py", line 20, in <module>
[0.093s]     from lark import Lark
[0.093s] ModuleNotFoundError: No module named 'lark'
[0.096s] make[2]: *** [CMakeFiles/turtlesim__cpp.dir/build.make:121: rosidl_generator_cpp/turtlesim/action/rotate_absolute.hpp] Error 1
[0.096s] make[1]: *** [CMakeFiles/Makefile2:646: CMakeFiles/turtlesim__cpp.dir/all] Error 2
[0.096s] make: *** [Makefile:141: all] Error 2
[0.098s] Invoked command in '/home/sam/AST/build/turtlesim' returned '2': CMAKE_PREFIX_PATH=/opt/ros/foxy CONDA_PROMPT_MODIFIER=(base) /usr/bin/cmake --build /home/sam/AST/build/turtlesim -- -j12 -l12
