[0.031s] Invoking command in '/home/sam/AST/build/messages_package': CMAKE_PREFIX_PATH=/opt/ros/foxy CONDA_PROMPT_MODIFIER=(base) /usr/bin/cmake --build /home/sam/AST/build/messages_package -- -j12 -l12
[0.268s] -- Found ament_cmake: 0.9.9 (/opt/ros/foxy/share/ament_cmake/cmake)
[0.270s] -- Found PythonInterp: /home/sam/anaconda3/bin/python3 (found suitable version "3.8.8", minimum required is "3") 
[0.271s] -- Using PYTHON_EXECUTABLE: /home/sam/anaconda3/bin/python3
[0.299s] -- Found ament_lint_auto: 0.9.6 (/opt/ros/foxy/share/ament_lint_auto/cmake)
[0.373s] -- Found rosidl_default_generators: 1.0.1 (/opt/ros/foxy/share/rosidl_default_generators/cmake)
[0.375s] -- Using all available rosidl_typesupport_c: rosidl_typesupport_fastrtps_c;rosidl_typesupport_introspection_c
[0.378s] -- Found rosidl_adapter: 1.2.1 (/opt/ros/foxy/share/rosidl_adapter/cmake)
[0.531s] -- Using all available rosidl_typesupport_cpp: rosidl_typesupport_fastrtps_cpp;rosidl_typesupport_introspection_cpp
[0.583s] -- Found PythonInterp: /home/sam/anaconda3/bin/python3 (found version "3.8.8") 
[0.727s] CMake Error at /opt/ros/foxy/share/rosidl_adapter/cmake/rosidl_adapt_interfaces.cmake:60 (message):
[0.728s]   execute_process(/home/sam/anaconda3/bin/python3 -m rosidl_adapter
[0.728s]   --package-name messages_package --arguments-file
[0.728s]   /home/sam/AST/build/messages_package/rosidl_adapter__arguments__messages_package.json
[0.728s]   --output-dir
[0.728s]   /home/sam/AST/build/messages_package/rosidl_adapter/messages_package
[0.728s]   --output-file
[0.728s]   /home/sam/AST/build/messages_package/rosidl_adapter/messages_package.idls)
[0.728s]   returned error code 1:
[0.728s] 
[0.729s]   Error processing 'Item [] items' of 'messages_package/Order_Goal': ''[]' is
[0.729s]   an invalid field name.  It should have the pattern
[0.729s]   '^(?!.*__)(?!.*_$)[a-z][a-z0-9_]*$''
[0.729s] 
[0.729s]   Traceback (most recent call last):
[0.729s] 
[0.729s]     File "/home/sam/anaconda3/lib/python3.8/runpy.py", line 194, in _run_module_as_main
[0.729s]       return _run_code(code, main_globals, None,
[0.729s]     File "/home/sam/anaconda3/lib/python3.8/runpy.py", line 87, in _run_code
[0.729s]       exec(code, run_globals)
[0.730s]     File "/opt/ros/foxy/lib/python3.8/site-packages/rosidl_adapter/__main__.py", line 19, in <module>
[0.730s]       sys.exit(main())
[0.730s]     File "/opt/ros/foxy/lib/python3.8/site-packages/rosidl_adapter/main.py", line 53, in main
[0.730s]       abs_idl_file = convert_to_idl(
[0.730s]     File "/opt/ros/foxy/lib/python3.8/site-packages/rosidl_adapter/__init__.py", line 29, in convert_to_idl
[0.730s]       return convert_action_to_idl(
[0.730s]     File "/opt/ros/foxy/lib/python3.8/site-packages/rosidl_adapter/action/__init__.py", line 28, in convert_action_to_idl
[0.730s]       action = parse_action_string(package_name, input_file.stem, content)
[0.730s]     File "/opt/ros/foxy/lib/python3.8/site-packages/rosidl_adapter/parser.py", line 892, in parse_action_string
[0.731s]       goal_message = parse_message_string(
[0.731s]     File "/opt/ros/foxy/lib/python3.8/site-packages/rosidl_adapter/parser.py", line 515, in parse_message_string
[0.731s]       fields.append(Field(
[0.731s]     File "/opt/ros/foxy/lib/python3.8/site-packages/rosidl_adapter/parser.py", line 353, in __init__
[0.731s]       raise NameError(
[0.731s] 
[0.731s]   NameError: '[]' is an invalid field name.  It should have the pattern
[0.731s]   '^(?!.*__)(?!.*_$)[a-z][a-z0-9_]*$'
[0.731s] 
[0.732s] Call Stack (most recent call first):
[0.732s]   /opt/ros/foxy/share/rosidl_cmake/cmake/rosidl_generate_interfaces.cmake:130 (rosidl_adapt_interfaces)
[0.732s]   CMakeLists.txt:46 (rosidl_generate_interfaces)
[0.732s] 
[0.732s] 
[0.732s] -- Configuring incomplete, errors occurred!
[0.732s] See also "/home/sam/AST/build/messages_package/CMakeFiles/CMakeOutput.log".
[0.733s] make: *** [Makefile:266: cmake_check_build_system] Error 1
[0.735s] Invoked command in '/home/sam/AST/build/messages_package' returned '2': CMAKE_PREFIX_PATH=/opt/ros/foxy CONDA_PROMPT_MODIFIER=(base) /usr/bin/cmake --build /home/sam/AST/build/messages_package -- -j12 -l12
