[0.010s] Invoking command in '/home/sam/AST/build/turtlesim': CMAKE_PREFIX_PATH=/opt/ros/foxy CONDA_PROMPT_MODIFIER=(base) /usr/bin/cmake /home/sam/AST/src/ros_tutorials/turtlesim -DCMAKE_INSTALL_PREFIX=/home/sam/AST/install/turtlesim
[0.023s] -- Found ament_cmake: 0.9.9 (/opt/ros/foxy/share/ament_cmake/cmake)
[0.042s] -- Found PythonInterp: /home/sam/anaconda3/bin/python3 (found suitable version "3.8.8", minimum required is "3") 
[0.042s] -- Using PYTHON_EXECUTABLE: /home/sam/anaconda3/bin/python3
[0.225s] -- Found ament_index_cpp: 1.1.0 (/opt/ros/foxy/share/ament_index_cpp/cmake)
[0.227s] -- Found geometry_msgs: 2.0.4 (/opt/ros/foxy/share/geometry_msgs/cmake)
[0.246s] -- Using all available rosidl_typesupport_c: rosidl_typesupport_fastrtps_c;rosidl_typesupport_introspection_c
[0.249s] -- Found rosidl_adapter: 1.2.1 (/opt/ros/foxy/share/rosidl_adapter/cmake)
[0.355s] -- Using all available rosidl_typesupport_cpp: rosidl_typesupport_fastrtps_cpp;rosidl_typesupport_introspection_cpp
[0.430s] -- Found rclcpp: 2.4.0 (/opt/ros/foxy/share/rclcpp/cmake)
[0.460s] -- Found rmw_implementation_cmake: 1.0.3 (/opt/ros/foxy/share/rmw_implementation_cmake/cmake)
[0.461s] -- Using RMW implementation 'rmw_fastrtps_cpp' as default
[0.574s] -- Found rclcpp_action: 2.4.0 (/opt/ros/foxy/share/rclcpp_action/cmake)
[0.634s] -- Found rosidl_default_generators: 1.0.1 (/opt/ros/foxy/share/rosidl_default_generators/cmake)
[0.642s] -- Found std_srvs: 2.0.4 (/opt/ros/foxy/share/std_srvs/cmake)
[0.669s] -- Found PythonInterp: /home/sam/anaconda3/bin/python3 (found version "3.8.8") 
[0.828s] -- Found ament_cmake_ros: 0.9.2 (/opt/ros/foxy/share/ament_cmake_ros/cmake)
[0.951s] -- Using all available rosidl_typesupport_c: rosidl_typesupport_fastrtps_c;rosidl_typesupport_introspection_c
[0.976s] -- Using all available rosidl_typesupport_cpp: rosidl_typesupport_fastrtps_cpp;rosidl_typesupport_introspection_cpp
[0.998s] -- Found PythonInterp: /home/sam/anaconda3/bin/python3 (found suitable version "3.8.8", minimum required is "3.5") 
[1.000s] -- Found python_cmake_module: 0.8.1 (/opt/ros/foxy/share/python_cmake_module/cmake)
[1.023s] -- Found PythonLibs: /home/sam/anaconda3/lib/libpython3.8.so (found suitable version "3.8.8", minimum required is "3.5") 
[1.023s] -- Using PYTHON_EXECUTABLE: /home/sam/anaconda3/bin/python3
[1.023s] -- Using PYTHON_INCLUDE_DIRS: /home/sam/anaconda3/include/python3.8
[1.023s] -- Using PYTHON_LIBRARIES: /home/sam/anaconda3/lib/libpython3.8.so
[1.042s] -- Found PythonExtra: .so  
[1.180s] -- Using numpy include directory: /home/sam/anaconda3/lib/python3.8/site-packages/numpy/core/include
[1.207s] -- Configuring done
[1.237s] CMake Warning at /opt/ros/foxy/share/rosidl_generator_py/cmake/rosidl_generator_py_generate_interfaces.cmake:235 (add_library):
[1.237s]   Cannot generate a safe runtime search path for target
[1.237s]   turtlesim__rosidl_typesupport_fastrtps_c__pyext because files in some
[1.237s]   directories may conflict with libraries in implicit directories:
[1.237s] 
[1.237s]     runtime library [libssl.so.1.1] in /usr/lib/x86_64-linux-gnu may be hidden by files in:
[1.237s]       /home/sam/anaconda3/lib
[1.237s]     runtime library [libcrypto.so.1.1] in /usr/lib/x86_64-linux-gnu may be hidden by files in:
[1.237s]       /home/sam/anaconda3/lib
[1.237s] 
[1.237s]   Some of these libraries may not be found correctly.
[1.237s] Call Stack (most recent call first):
[1.238s]   /opt/ros/foxy/share/ament_cmake_core/cmake/core/ament_execute_extensions.cmake:48 (include)
[1.238s]   /opt/ros/foxy/share/rosidl_cmake/cmake/rosidl_generate_interfaces.cmake:286 (ament_execute_extensions)
[1.238s]   CMakeLists.txt:24 (rosidl_generate_interfaces)
[1.238s] 
[1.238s] 
[1.285s] -- Generating done
[1.287s] -- Build files have been written to: /home/sam/AST/build/turtlesim
[1.295s] Invoked command in '/home/sam/AST/build/turtlesim' returned '0': CMAKE_PREFIX_PATH=/opt/ros/foxy CONDA_PROMPT_MODIFIER=(base) /usr/bin/cmake /home/sam/AST/src/ros_tutorials/turtlesim -DCMAKE_INSTALL_PREFIX=/home/sam/AST/install/turtlesim
[1.297s] Invoking command in '/home/sam/AST/build/turtlesim': CMAKE_PREFIX_PATH=/opt/ros/foxy CONDA_PROMPT_MODIFIER=(base) /usr/bin/cmake --build /home/sam/AST/build/turtlesim -- -j12 -l12
[1.331s] [  1%] [34m[1mGenerating C code for ROS interfaces[0m
[1.331s] [35m[1mScanning dependencies of target turtlesim__cpp[0m
[1.340s] [  2%] [34m[1mGenerating C++ code for ROS interfaces[0m
[1.374s] Traceback (most recent call last):
[1.374s]   File "/opt/ros/foxy/share/rosidl_generator_c/cmake/../../../lib/rosidl_generator_c/rosidl_generator_c", line 8, in <module>
[1.374s]     from rosidl_generator_c import generate_c
[1.374s]   File "/opt/ros/foxy/lib/python3.8/site-packages/rosidl_generator_c/__init__.py", line 15, in <module>
[1.374s]     from rosidl_cmake import convert_camel_case_to_lower_case_underscore
[1.374s]   File "/opt/ros/foxy/lib/python3.8/site-packages/rosidl_cmake/__init__.py", line 24, in <module>
[1.374s]     from rosidl_parser.parser import parse_idl_file
[1.374s]   File "/opt/ros/foxy/lib/python3.8/site-packages/rosidl_parser/parser.py", line 20, in <module>
[1.374s]     from lark import Lark
[1.375s] ModuleNotFoundError: No module named 'lark'
[1.378s] make[2]: *** [CMakeFiles/turtlesim__rosidl_generator_c.dir/build.make:89: rosidl_generator_c/turtlesim/action/rotate_absolute.h] Error 1
[1.379s] make[1]: *** [CMakeFiles/Makefile2:310: CMakeFiles/turtlesim__rosidl_generator_c.dir/all] Error 2
[1.379s] make[1]: *** Waiting for unfinished jobs....
[1.383s] Traceback (most recent call last):
[1.383s]   File "/opt/ros/foxy/share/rosidl_generator_cpp/cmake/../../../lib/rosidl_generator_cpp/rosidl_generator_cpp", line 8, in <module>
[1.383s]     from rosidl_generator_cpp import generate_cpp
[1.383s]   File "/opt/ros/foxy/lib/python3.8/site-packages/rosidl_generator_cpp/__init__.py", line 17, in <module>
[1.383s]     from rosidl_cmake import generate_files
[1.383s]   File "/opt/ros/foxy/lib/python3.8/site-packages/rosidl_cmake/__init__.py", line 24, in <module>
[1.383s]     from rosidl_parser.parser import parse_idl_file
[1.383s]   File "/opt/ros/foxy/lib/python3.8/site-packages/rosidl_parser/parser.py", line 20, in <module>
[1.383s]     from lark import Lark
[1.383s] ModuleNotFoundError: No module named 'lark'
[1.387s] make[2]: *** [CMakeFiles/turtlesim__cpp.dir/build.make:121: rosidl_generator_cpp/turtlesim/action/rotate_absolute.hpp] Error 1
[1.388s] make[1]: *** [CMakeFiles/Makefile2:646: CMakeFiles/turtlesim__cpp.dir/all] Error 2
[1.388s] make: *** [Makefile:141: all] Error 2
[1.389s] Invoked command in '/home/sam/AST/build/turtlesim' returned '2': CMAKE_PREFIX_PATH=/opt/ros/foxy CONDA_PROMPT_MODIFIER=(base) /usr/bin/cmake --build /home/sam/AST/build/turtlesim -- -j12 -l12
