CMake Error at /opt/ros/foxy/share/rosidl_adapter/cmake/rosidl_adapt_interfaces.cmake:60 (message):
  execute_process(/usr/bin/python3 -m rosidl_adapter --package-name
  messages_package --arguments-file
  /home/sam/AST_Robot_Warehouse/build/messages_package/rosidl_adapter__arguments__messages_package.json
  --output-dir
  /home/sam/AST_Robot_Warehouse/build/messages_package/rosidl_adapter/messages_package
  --output-file
  /home/sam/AST_Robot_Warehouse/build/messages_package/rosidl_adapter/messages_package.idls)
  returned error code 1:

  Error processing 'string[[]] map_array' of 'messages_package/Map': 'the
  size of array type '<=' must be a valid integer value > 0 optionally
  prefixed with 'string[[]]' if it is only an upper bound'

  Traceback (most recent call last):

    File "/opt/ros/foxy/lib/python3.8/site-packages/rosidl_adapter/parser.py", line 267, in __init__
      self.array_size = int(array_size_string)

  ValueError: invalid literal for int() with base 10: ']'

  

  During handling of the above exception, another exception occurred:

  

  Traceback (most recent call last):

    File "/usr/lib/python3.8/runpy.py", line 194, in _run_module_as_main
      return _run_code(code, main_globals, None,
    File "/usr/lib/python3.8/runpy.py", line 87, in _run_code
      exec(code, run_globals)
    File "/opt/ros/foxy/lib/python3.8/site-packages/rosidl_adapter/__main__.py", line 19, in <module>
      sys.exit(main())
    File "/opt/ros/foxy/lib/python3.8/site-packages/rosidl_adapter/main.py", line 53, in main
      abs_idl_file = convert_to_idl(
    File "/opt/ros/foxy/lib/python3.8/site-packages/rosidl_adapter/__init__.py", line 19, in convert_to_idl
      return convert_msg_to_idl(
    File "/opt/ros/foxy/lib/python3.8/site-packages/rosidl_adapter/msg/__init__.py", line 28, in convert_msg_to_idl
      msg = parse_message_string(package_name, input_file.stem, content)
    File "/opt/ros/foxy/lib/python3.8/site-packages/rosidl_adapter/parser.py", line 516, in parse_message_string
      Type(type_string, context_package_name=pkg_name),
    File "/opt/ros/foxy/lib/python3.8/site-packages/rosidl_adapter/parser.py", line 269, in __init__
      raise ex

  TypeError: the size of array type '<=' must be a valid integer value > 0
  optionally prefixed with 'string[[]]' if it is only an upper bound

Call Stack (most recent call first):
  /opt/ros/foxy/share/rosidl_cmake/cmake/rosidl_generate_interfaces.cmake:130 (rosidl_adapt_interfaces)
  CMakeLists.txt:46 (rosidl_generate_interfaces)


make: *** [Makefile:3192: cmake_check_build_system] Error 1
