[0.022s] Invoking command in '/home/sam/AST_Robot_Warehouse/build/messages_package': CMAKE_PREFIX_PATH=${CMAKE_PREFIX_PATH}:/home/sam/AST_Robot_Warehouse/install/warehouse_robot_package:/home/sam/AST_Robot_Warehouse/install/py_pubsub:/opt/ros/foxy /usr/bin/cmake --build /home/sam/AST_Robot_Warehouse/build/messages_package -- -j12 -l12
[0.269s] -- Found ament_cmake: 0.9.9 (/opt/ros/foxy/share/ament_cmake/cmake)
[0.270s] -- Found PythonInterp: /usr/bin/python3 (found suitable version "3.8.10", minimum required is "3") 
[0.270s] -- Using PYTHON_EXECUTABLE: /usr/bin/python3
[0.275s] -- Found ament_lint_auto: 0.9.6 (/opt/ros/foxy/share/ament_lint_auto/cmake)
[0.327s] -- Found rosidl_default_generators: 1.0.1 (/opt/ros/foxy/share/rosidl_default_generators/cmake)
[0.330s] -- Using all available rosidl_typesupport_c: rosidl_typesupport_fastrtps_c;rosidl_typesupport_introspection_c
[0.333s] -- Found rosidl_adapter: 1.2.1 (/opt/ros/foxy/share/rosidl_adapter/cmake)
[0.471s] -- Using all available rosidl_typesupport_cpp: rosidl_typesupport_fastrtps_cpp;rosidl_typesupport_introspection_cpp
[0.516s] -- Found PythonInterp: /usr/bin/python3 (found version "3.8.10") 
[0.705s] CMake Error at /opt/ros/foxy/share/rosidl_adapter/cmake/rosidl_adapt_interfaces.cmake:60 (message):
[0.705s]   execute_process(/usr/bin/python3 -m rosidl_adapter --package-name
[0.705s]   messages_package --arguments-file
[0.705s]   /home/sam/AST_Robot_Warehouse/build/messages_package/rosidl_adapter__arguments__messages_package.json
[0.705s]   --output-dir
[0.705s]   /home/sam/AST_Robot_Warehouse/build/messages_package/rosidl_adapter/messages_package
[0.705s]   --output-file
[0.705s]   /home/sam/AST_Robot_Warehouse/build/messages_package/rosidl_adapter/messages_package.idls)
[0.705s]   returned error code 1:
[0.705s] 
[0.705s]   Error processing 'string[[]] map_array' of 'messages_package/Map': 'the
[0.705s]   size of array type '<=' must be a valid integer value > 0 optionally
[0.705s]   prefixed with 'string[[]]' if it is only an upper bound'
[0.706s] 
[0.706s]   Traceback (most recent call last):
[0.706s] 
[0.706s]     File "/opt/ros/foxy/lib/python3.8/site-packages/rosidl_adapter/parser.py", line 267, in __init__
[0.706s]       self.array_size = int(array_size_string)
[0.706s] 
[0.706s]   ValueError: invalid literal for int() with base 10: ']'
[0.706s] 
[0.706s]   
[0.706s] 
[0.706s]   During handling of the above exception, another exception occurred:
[0.706s] 
[0.706s]   
[0.706s] 
[0.706s]   Traceback (most recent call last):
[0.706s] 
[0.707s]     File "/usr/lib/python3.8/runpy.py", line 194, in _run_module_as_main
[0.707s]       return _run_code(code, main_globals, None,
[0.707s]     File "/usr/lib/python3.8/runpy.py", line 87, in _run_code
[0.707s]       exec(code, run_globals)
[0.707s]     File "/opt/ros/foxy/lib/python3.8/site-packages/rosidl_adapter/__main__.py", line 19, in <module>
[0.707s]       sys.exit(main())
[0.707s]     File "/opt/ros/foxy/lib/python3.8/site-packages/rosidl_adapter/main.py", line 53, in main
[0.707s]       abs_idl_file = convert_to_idl(
[0.707s]     File "/opt/ros/foxy/lib/python3.8/site-packages/rosidl_adapter/__init__.py", line 19, in convert_to_idl
[0.707s]       return convert_msg_to_idl(
[0.707s]     File "/opt/ros/foxy/lib/python3.8/site-packages/rosidl_adapter/msg/__init__.py", line 28, in convert_msg_to_idl
[0.707s]       msg = parse_message_string(package_name, input_file.stem, content)
[0.707s]     File "/opt/ros/foxy/lib/python3.8/site-packages/rosidl_adapter/parser.py", line 516, in parse_message_string
[0.707s]       Type(type_string, context_package_name=pkg_name),
[0.707s]     File "/opt/ros/foxy/lib/python3.8/site-packages/rosidl_adapter/parser.py", line 269, in __init__
[0.707s]       raise ex
[0.708s] 
[0.708s]   TypeError: the size of array type '<=' must be a valid integer value > 0
[0.708s]   optionally prefixed with 'string[[]]' if it is only an upper bound
[0.708s] 
[0.708s] Call Stack (most recent call first):
[0.708s]   /opt/ros/foxy/share/rosidl_cmake/cmake/rosidl_generate_interfaces.cmake:130 (rosidl_adapt_interfaces)
[0.708s]   CMakeLists.txt:46 (rosidl_generate_interfaces)
[0.708s] 
[0.708s] 
[0.708s] -- Configuring incomplete, errors occurred!
[0.708s] See also "/home/sam/AST_Robot_Warehouse/build/messages_package/CMakeFiles/CMakeOutput.log".
[0.712s] make: *** [Makefile:3192: cmake_check_build_system] Error 1
[0.714s] Invoked command in '/home/sam/AST_Robot_Warehouse/build/messages_package' returned '2': CMAKE_PREFIX_PATH=${CMAKE_PREFIX_PATH}:/home/sam/AST_Robot_Warehouse/install/warehouse_robot_package:/home/sam/AST_Robot_Warehouse/install/py_pubsub:/opt/ros/foxy /usr/bin/cmake --build /home/sam/AST_Robot_Warehouse/build/messages_package -- -j12 -l12
